 =======================================================
 ============== Printing Statistics [id:0]==============
   Total Return Transactions : 0 (0 bytes) aggregate average bandwidth 0.000GB/s
      -Rank   0 : 
        -Reads  : 0 (0 bytes)
        -Writes : 0 (0 bytes)
        -Bandwidth / Latency  (Bank 0): 0.000 GB/s		-nan ns
        -Bandwidth / Latency  (Bank 1): 0.000 GB/s		-nan ns
        -Bandwidth / Latency  (Bank 2): 0.000 GB/s		-nan ns
        -Bandwidth / Latency  (Bank 3): 0.000 GB/s		-nan ns
        -Bandwidth / Latency  (Bank 4): 0.000 GB/s		-nan ns
        -Bandwidth / Latency  (Bank 5): 0.000 GB/s		-nan ns
        -Bandwidth / Latency  (Bank 6): 0.000 GB/s		-nan ns
        -Bandwidth / Latency  (Bank 7): 0.000 GB/s		-nan ns
 == Power Data for Rank        0
   Average Power (watts)     : 0.000
     -Background (watts)     : 0.000
     -Act/Pre    (watts)     : 0.000
     -Burst      (watts)     : 0.000
     -Refresh    (watts)     : 0.000
      -Rank   1 : 
        -Reads  : 0 (0 bytes)
        -Writes : 0 (0 bytes)
        -Bandwidth / Latency  (Bank 0): 0.000 GB/s		-nan ns
        -Bandwidth / Latency  (Bank 1): 0.000 GB/s		-nan ns
        -Bandwidth / Latency  (Bank 2): 0.000 GB/s		-nan ns
        -Bandwidth / Latency  (Bank 3): 0.000 GB/s		-nan ns
        -Bandwidth / Latency  (Bank 4): 0.000 GB/s		-nan ns
        -Bandwidth / Latency  (Bank 5): 0.000 GB/s		-nan ns
        -Bandwidth / Latency  (Bank 6): 0.000 GB/s		-nan ns
        -Bandwidth / Latency  (Bank 7): 0.000 GB/s		-nan ns
 == Power Data for Rank        1
   Average Power (watts)     : 0.000
     -Background (watts)     : 0.000
     -Act/Pre    (watts)     : 0.000
     -Burst      (watts)     : 0.000
     -Refresh    (watts)     : 0.000
      -Rank   2 : 
        -Reads  : 0 (0 bytes)
        -Writes : 0 (0 bytes)
        -Bandwidth / Latency  (Bank 0): 0.000 GB/s		-nan ns
        -Bandwidth / Latency  (Bank 1): 0.000 GB/s		-nan ns
        -Bandwidth / Latency  (Bank 2): 0.000 GB/s		-nan ns
        -Bandwidth / Latency  (Bank 3): 0.000 GB/s		-nan ns
        -Bandwidth / Latency  (Bank 4): 0.000 GB/s		-nan ns
        -Bandwidth / Latency  (Bank 5): 0.000 GB/s		-nan ns
        -Bandwidth / Latency  (Bank 6): 0.000 GB/s		-nan ns
        -Bandwidth / Latency  (Bank 7): 0.000 GB/s		-nan ns
 == Power Data for Rank        2
   Average Power (watts)     : 0.000
     -Background (watts)     : 0.000
     -Act/Pre    (watts)     : 0.000
     -Burst      (watts)     : 0.000
     -Refresh    (watts)     : 0.000
      -Rank   3 : 
        -Reads  : 0 (0 bytes)
        -Writes : 0 (0 bytes)
        -Bandwidth / Latency  (Bank 0): 0.000 GB/s		-nan ns
        -Bandwidth / Latency  (Bank 1): 0.000 GB/s		-nan ns
        -Bandwidth / Latency  (Bank 2): 0.000 GB/s		-nan ns
        -Bandwidth / Latency  (Bank 3): 0.000 GB/s		-nan ns
        -Bandwidth / Latency  (Bank 4): 0.000 GB/s		-nan ns
        -Bandwidth / Latency  (Bank 5): 0.000 GB/s		-nan ns
        -Bandwidth / Latency  (Bank 6): 0.000 GB/s		-nan ns
        -Bandwidth / Latency  (Bank 7): 0.000 GB/s		-nan ns
 == Power Data for Rank        3
   Average Power (watts)     : 0.000
     -Background (watts)     : 0.000
     -Act/Pre    (watts)     : 0.000
     -Burst      (watts)     : 0.000
     -Refresh    (watts)     : 0.000

 == Pending Transactions : 0 (0)==
 =======================================================
 ============== Printing Statistics [id:0]==============
   Total Return Transactions : 10594 (339008 bytes) aggregate average bandwidth 1.052GB/s
      -Rank   0 : 
        -Reads  : 2588 (82816 bytes)
        -Writes : 2 (64 bytes)
        -Bandwidth / Latency  (Bank 0): 0.026 GB/s		56.253 ns
        -Bandwidth / Latency  (Bank 1): 0.038 GB/s		63.102 ns
        -Bandwidth / Latency  (Bank 2): 0.035 GB/s		59.479 ns
        -Bandwidth / Latency  (Bank 3): 0.028 GB/s		59.413 ns
        -Bandwidth / Latency  (Bank 4): 0.032 GB/s		62.019 ns
        -Bandwidth / Latency  (Bank 5): 0.021 GB/s		60.391 ns
        -Bandwidth / Latency  (Bank 6): 0.033 GB/s		60.286 ns
        -Bandwidth / Latency  (Bank 7): 0.043 GB/s		61.302 ns
 == Power Data for Rank        0
   Average Power (watts)     : 0.396
     -Background (watts)     : 0.218
     -Act/Pre    (watts)     : 0.080
     -Burst      (watts)     : 0.060
     -Refresh    (watts)     : 0.039
      -Rank   1 : 
        -Reads  : 2593 (82976 bytes)
        -Writes : 2 (64 bytes)
        -Bandwidth / Latency  (Bank 0): 0.027 GB/s		58.949 ns
        -Bandwidth / Latency  (Bank 1): 0.035 GB/s		61.491 ns
        -Bandwidth / Latency  (Bank 2): 0.036 GB/s		59.649 ns
        -Bandwidth / Latency  (Bank 3): 0.032 GB/s		59.545 ns
        -Bandwidth / Latency  (Bank 4): 0.032 GB/s		62.896 ns
        -Bandwidth / Latency  (Bank 5): 0.021 GB/s		58.102 ns
        -Bandwidth / Latency  (Bank 6): 0.033 GB/s		61.627 ns
        -Bandwidth / Latency  (Bank 7): 0.042 GB/s		62.410 ns
 == Power Data for Rank        1
   Average Power (watts)     : 0.395
     -Background (watts)     : 0.218
     -Act/Pre    (watts)     : 0.080
     -Burst      (watts)     : 0.060
     -Refresh    (watts)     : 0.038
      -Rank   2 : 
        -Reads  : 2763 (88416 bytes)
        -Writes : 2 (64 bytes)
        -Bandwidth / Latency  (Bank 0): 0.043 GB/s		61.803 ns
        -Bandwidth / Latency  (Bank 1): 0.030 GB/s		58.206 ns
        -Bandwidth / Latency  (Bank 2): 0.028 GB/s		60.606 ns
        -Bandwidth / Latency  (Bank 3): 0.037 GB/s		61.275 ns
        -Bandwidth / Latency  (Bank 4): 0.042 GB/s		60.322 ns
        -Bandwidth / Latency  (Bank 5): 0.033 GB/s		60.668 ns
        -Bandwidth / Latency  (Bank 6): 0.031 GB/s		58.077 ns
        -Bandwidth / Latency  (Bank 7): 0.031 GB/s		60.893 ns
 == Power Data for Rank        2
   Average Power (watts)     : 0.402
     -Background (watts)     : 0.221
     -Act/Pre    (watts)     : 0.079
     -Burst      (watts)     : 0.064
     -Refresh    (watts)     : 0.038
      -Rank   3 : 
        -Reads  : 2644 (84608 bytes)
        -Writes : 0 (0 bytes)
        -Bandwidth / Latency  (Bank 0): 0.042 GB/s		59.886 ns
        -Bandwidth / Latency  (Bank 1): 0.030 GB/s		58.848 ns
        -Bandwidth / Latency  (Bank 2): 0.028 GB/s		63.688 ns
        -Bandwidth / Latency  (Bank 3): 0.035 GB/s		59.562 ns
        -Bandwidth / Latency  (Bank 4): 0.037 GB/s		62.203 ns
        -Bandwidth / Latency  (Bank 5): 0.033 GB/s		59.119 ns
        -Bandwidth / Latency  (Bank 6): 0.030 GB/s		59.103 ns
        -Bandwidth / Latency  (Bank 7): 0.028 GB/s		59.602 ns
 == Power Data for Rank        3
   Average Power (watts)     : 0.379
     -Background (watts)     : 0.210
     -Act/Pre    (watts)     : 0.070
     -Burst      (watts)     : 0.061
     -Refresh    (watts)     : 0.038

 == Pending Transactions : 10 (100000)==
 =======================================================
 ============== Printing Statistics [id:0]==============
   Total Return Transactions : 42104 (1347328 bytes) aggregate average bandwidth 3.130GB/s
      -Rank   0 : 
        -Reads  : 7749 (247968 bytes)
        -Writes : 112 (3584 bytes)
        -Bandwidth / Latency  (Bank 0): 0.106 GB/s		65.289 ns
        -Bandwidth / Latency  (Bank 1): 0.089 GB/s		64.167 ns
        -Bandwidth / Latency  (Bank 2): 0.087 GB/s		63.260 ns
        -Bandwidth / Latency  (Bank 3): 0.090 GB/s		67.006 ns
        -Bandwidth / Latency  (Bank 4): 0.086 GB/s		63.501 ns
        -Bandwidth / Latency  (Bank 5): 0.126 GB/s		67.091 ns
        -Bandwidth / Latency  (Bank 6): 0.099 GB/s		65.479 ns
        -Bandwidth / Latency  (Bank 7): 0.099 GB/s		71.309 ns
 == Power Data for Rank        0
   Average Power (watts)     : 0.953
     -Background (watts)     : 0.468
     -Act/Pre    (watts)     : 0.266
     -Burst      (watts)     : 0.181
     -Refresh    (watts)     : 0.038
      -Rank   1 : 
        -Reads  : 7690 (246080 bytes)
        -Writes : 99 (3168 bytes)
        -Bandwidth / Latency  (Bank 0): 0.104 GB/s		66.904 ns
        -Bandwidth / Latency  (Bank 1): 0.088 GB/s		62.328 ns
        -Bandwidth / Latency  (Bank 2): 0.086 GB/s		64.255 ns
        -Bandwidth / Latency  (Bank 3): 0.086 GB/s		62.449 ns
        -Bandwidth / Latency  (Bank 4): 0.087 GB/s		66.652 ns
        -Bandwidth / Latency  (Bank 5): 0.126 GB/s		67.862 ns
        -Bandwidth / Latency  (Bank 6): 0.097 GB/s		65.664 ns
        -Bandwidth / Latency  (Bank 7): 0.100 GB/s		67.878 ns
 == Power Data for Rank        1
   Average Power (watts)     : 0.941
     -Background (watts)     : 0.462
     -Act/Pre    (watts)     : 0.260
     -Burst      (watts)     : 0.180
     -Refresh    (watts)     : 0.039
      -Rank   2 : 
        -Reads  : 7791 (249312 bytes)
        -Writes : 107 (3424 bytes)
        -Bandwidth / Latency  (Bank 0): 0.105 GB/s		66.917 ns
        -Bandwidth / Latency  (Bank 1): 0.098 GB/s		65.863 ns
        -Bandwidth / Latency  (Bank 2): 0.100 GB/s		64.939 ns
        -Bandwidth / Latency  (Bank 3): 0.107 GB/s		71.097 ns
        -Bandwidth / Latency  (Bank 4): 0.085 GB/s		63.144 ns
        -Bandwidth / Latency  (Bank 5): 0.092 GB/s		66.632 ns
        -Bandwidth / Latency  (Bank 6): 0.107 GB/s		66.485 ns
        -Bandwidth / Latency  (Bank 7): 0.090 GB/s		65.180 ns
 == Power Data for Rank        2
   Average Power (watts)     : 0.941
     -Background (watts)     : 0.462
     -Act/Pre    (watts)     : 0.259
     -Burst      (watts)     : 0.182
     -Refresh    (watts)     : 0.039
      -Rank   3 : 
        -Reads  : 7869 (251808 bytes)
        -Writes : 93 (2976 bytes)
        -Bandwidth / Latency  (Bank 0): 0.107 GB/s		64.691 ns
        -Bandwidth / Latency  (Bank 1): 0.103 GB/s		67.020 ns
        -Bandwidth / Latency  (Bank 2): 0.097 GB/s		64.963 ns
        -Bandwidth / Latency  (Bank 3): 0.107 GB/s		66.799 ns
        -Bandwidth / Latency  (Bank 4): 0.087 GB/s		62.938 ns
        -Bandwidth / Latency  (Bank 5): 0.092 GB/s		62.679 ns
        -Bandwidth / Latency  (Bank 6): 0.104 GB/s		63.384 ns
        -Bandwidth / Latency  (Bank 7): 0.093 GB/s		67.210 ns
 == Power Data for Rank        3
   Average Power (watts)     : 0.950
     -Background (watts)     : 0.464
     -Act/Pre    (watts)     : 0.265
     -Burst      (watts)     : 0.183
     -Refresh    (watts)     : 0.038

 == Pending Transactions : 10 (200000)==
