 =======================================================
 ============== Printing Statistics [id:0]==============
   Total Return Transactions : 0 (0 bytes) aggregate average bandwidth 0.000GB/s
      -Rank   0 : 
        -Reads  : 0 (0 bytes)
        -Writes : 0 (0 bytes)
        -Bandwidth / Latency  (Bank 0): 0.000 GB/s		-nan ns
        -Bandwidth / Latency  (Bank 1): 0.000 GB/s		-nan ns
        -Bandwidth / Latency  (Bank 2): 0.000 GB/s		-nan ns
        -Bandwidth / Latency  (Bank 3): 0.000 GB/s		-nan ns
        -Bandwidth / Latency  (Bank 4): 0.000 GB/s		-nan ns
        -Bandwidth / Latency  (Bank 5): 0.000 GB/s		-nan ns
        -Bandwidth / Latency  (Bank 6): 0.000 GB/s		-nan ns
        -Bandwidth / Latency  (Bank 7): 0.000 GB/s		-nan ns
 == Power Data for Rank        0
   Average Power (watts)     : 0.000
     -Background (watts)     : 0.000
     -Act/Pre    (watts)     : 0.000
     -Burst      (watts)     : 0.000
     -Refresh    (watts)     : 0.000
      -Rank   1 : 
        -Reads  : 0 (0 bytes)
        -Writes : 0 (0 bytes)
        -Bandwidth / Latency  (Bank 0): 0.000 GB/s		-nan ns
        -Bandwidth / Latency  (Bank 1): 0.000 GB/s		-nan ns
        -Bandwidth / Latency  (Bank 2): 0.000 GB/s		-nan ns
        -Bandwidth / Latency  (Bank 3): 0.000 GB/s		-nan ns
        -Bandwidth / Latency  (Bank 4): 0.000 GB/s		-nan ns
        -Bandwidth / Latency  (Bank 5): 0.000 GB/s		-nan ns
        -Bandwidth / Latency  (Bank 6): 0.000 GB/s		-nan ns
        -Bandwidth / Latency  (Bank 7): 0.000 GB/s		-nan ns
 == Power Data for Rank        1
   Average Power (watts)     : 0.000
     -Background (watts)     : 0.000
     -Act/Pre    (watts)     : 0.000
     -Burst      (watts)     : 0.000
     -Refresh    (watts)     : 0.000
      -Rank   2 : 
        -Reads  : 0 (0 bytes)
        -Writes : 0 (0 bytes)
        -Bandwidth / Latency  (Bank 0): 0.000 GB/s		-nan ns
        -Bandwidth / Latency  (Bank 1): 0.000 GB/s		-nan ns
        -Bandwidth / Latency  (Bank 2): 0.000 GB/s		-nan ns
        -Bandwidth / Latency  (Bank 3): 0.000 GB/s		-nan ns
        -Bandwidth / Latency  (Bank 4): 0.000 GB/s		-nan ns
        -Bandwidth / Latency  (Bank 5): 0.000 GB/s		-nan ns
        -Bandwidth / Latency  (Bank 6): 0.000 GB/s		-nan ns
        -Bandwidth / Latency  (Bank 7): 0.000 GB/s		-nan ns
 == Power Data for Rank        2
   Average Power (watts)     : 0.000
     -Background (watts)     : 0.000
     -Act/Pre    (watts)     : 0.000
     -Burst      (watts)     : 0.000
     -Refresh    (watts)     : 0.000
      -Rank   3 : 
        -Reads  : 0 (0 bytes)
        -Writes : 0 (0 bytes)
        -Bandwidth / Latency  (Bank 0): 0.000 GB/s		-nan ns
        -Bandwidth / Latency  (Bank 1): 0.000 GB/s		-nan ns
        -Bandwidth / Latency  (Bank 2): 0.000 GB/s		-nan ns
        -Bandwidth / Latency  (Bank 3): 0.000 GB/s		-nan ns
        -Bandwidth / Latency  (Bank 4): 0.000 GB/s		-nan ns
        -Bandwidth / Latency  (Bank 5): 0.000 GB/s		-nan ns
        -Bandwidth / Latency  (Bank 6): 0.000 GB/s		-nan ns
        -Bandwidth / Latency  (Bank 7): 0.000 GB/s		-nan ns
 == Power Data for Rank        3
   Average Power (watts)     : 0.000
     -Background (watts)     : 0.000
     -Act/Pre    (watts)     : 0.000
     -Burst      (watts)     : 0.000
     -Refresh    (watts)     : 0.000

 == Pending Transactions : 0 (0)==
 =======================================================
 ============== Printing Statistics [id:0]==============
   Total Return Transactions : 10594 (339008 bytes) aggregate average bandwidth 1.052GB/s
      -Rank   0 : 
        -Reads  : 2588 (82816 bytes)
        -Writes : 2 (64 bytes)
        -Bandwidth / Latency  (Bank 0): 0.026 GB/s		56.253 ns
        -Bandwidth / Latency  (Bank 1): 0.038 GB/s		63.102 ns
        -Bandwidth / Latency  (Bank 2): 0.035 GB/s		59.479 ns
        -Bandwidth / Latency  (Bank 3): 0.028 GB/s		59.413 ns
        -Bandwidth / Latency  (Bank 4): 0.032 GB/s		62.019 ns
        -Bandwidth / Latency  (Bank 5): 0.021 GB/s		60.391 ns
        -Bandwidth / Latency  (Bank 6): 0.033 GB/s		60.286 ns
        -Bandwidth / Latency  (Bank 7): 0.043 GB/s		61.302 ns
 == Power Data for Rank        0
   Average Power (watts)     : 0.396
     -Background (watts)     : 0.218
     -Act/Pre    (watts)     : 0.080
     -Burst      (watts)     : 0.060
     -Refresh    (watts)     : 0.039
      -Rank   1 : 
        -Reads  : 2593 (82976 bytes)
        -Writes : 2 (64 bytes)
        -Bandwidth / Latency  (Bank 0): 0.027 GB/s		58.949 ns
        -Bandwidth / Latency  (Bank 1): 0.035 GB/s		61.491 ns
        -Bandwidth / Latency  (Bank 2): 0.036 GB/s		59.649 ns
        -Bandwidth / Latency  (Bank 3): 0.032 GB/s		59.545 ns
        -Bandwidth / Latency  (Bank 4): 0.032 GB/s		62.896 ns
        -Bandwidth / Latency  (Bank 5): 0.021 GB/s		58.102 ns
        -Bandwidth / Latency  (Bank 6): 0.033 GB/s		61.627 ns
        -Bandwidth / Latency  (Bank 7): 0.042 GB/s		62.410 ns
 == Power Data for Rank        1
   Average Power (watts)     : 0.395
     -Background (watts)     : 0.218
     -Act/Pre    (watts)     : 0.080
     -Burst      (watts)     : 0.060
     -Refresh    (watts)     : 0.038
      -Rank   2 : 
        -Reads  : 2763 (88416 bytes)
        -Writes : 2 (64 bytes)
        -Bandwidth / Latency  (Bank 0): 0.043 GB/s		61.803 ns
        -Bandwidth / Latency  (Bank 1): 0.030 GB/s		58.206 ns
        -Bandwidth / Latency  (Bank 2): 0.028 GB/s		60.606 ns
        -Bandwidth / Latency  (Bank 3): 0.037 GB/s		61.275 ns
        -Bandwidth / Latency  (Bank 4): 0.042 GB/s		60.322 ns
        -Bandwidth / Latency  (Bank 5): 0.033 GB/s		60.668 ns
        -Bandwidth / Latency  (Bank 6): 0.031 GB/s		58.077 ns
        -Bandwidth / Latency  (Bank 7): 0.031 GB/s		60.893 ns
 == Power Data for Rank        2
   Average Power (watts)     : 0.402
     -Background (watts)     : 0.221
     -Act/Pre    (watts)     : 0.079
     -Burst      (watts)     : 0.064
     -Refresh    (watts)     : 0.038
      -Rank   3 : 
        -Reads  : 2644 (84608 bytes)
        -Writes : 0 (0 bytes)
        -Bandwidth / Latency  (Bank 0): 0.042 GB/s		59.886 ns
        -Bandwidth / Latency  (Bank 1): 0.030 GB/s		58.848 ns
        -Bandwidth / Latency  (Bank 2): 0.028 GB/s		63.688 ns
        -Bandwidth / Latency  (Bank 3): 0.035 GB/s		59.562 ns
        -Bandwidth / Latency  (Bank 4): 0.037 GB/s		62.203 ns
        -Bandwidth / Latency  (Bank 5): 0.033 GB/s		59.119 ns
        -Bandwidth / Latency  (Bank 6): 0.030 GB/s		59.103 ns
        -Bandwidth / Latency  (Bank 7): 0.028 GB/s		59.602 ns
 == Power Data for Rank        3
   Average Power (watts)     : 0.379
     -Background (watts)     : 0.210
     -Act/Pre    (watts)     : 0.070
     -Burst      (watts)     : 0.061
     -Refresh    (watts)     : 0.038

 == Pending Transactions : 10 (100000)==
